<?xml version="1.0" encoding="UTF-8"?>
<!-- Generated by org.testng.reporters.JUnitXMLReporter -->
<testsuite hostname="TDG-MBL-GDL623" ignored="0" name="Car Information" tests="4" failures="0" timestamp="12 Mar 2019 16:15:29 GMT" time="0.016" errors="0">
  <testcase name="Car" time="0.0" classname="Test.Day2"/>
  <testcase name="Model" time="0.001" classname="Test.Day2"/>
  <testcase name="Version" time="0.001" classname="Test.Day2"/>
  <testcase name="Year" time="0.001" classname="Test.Day2"/>
</testsuite> <!-- Car Information -->
