<?xml version="1.0" encoding="UTF-8"?>
<!-- Generated by org.testng.reporters.JUnitXMLReporter -->
<testsuite hostname="TDG-MBL-GDL623" ignored="0" name="Information" tests="14" failures="0" timestamp="11 Mar 2019 18:22:29 GMT" time="0.061" errors="0">
  <testcase name="Age" time="0.01" classname="Test.Day1"/>
  <testcase name="Birthday" time="0.002" classname="Test.Day1"/>
  <testcase name="LastName" time="0.0" classname="Test.Day1"/>
  <testcase name="Name" time="0.001" classname="Test.Day1"/>
  <testcase name="Car" time="0.001" classname="Test.Day2"/>
  <testcase name="Model" time="0.001" classname="Test.Day2"/>
  <testcase name="Version" time="0.001" classname="Test.Day2"/>
  <testcase name="Year" time="0.001" classname="Test.Day2"/>
  <testcase name="APIPage" time="0.001" classname="Test.Day3"/>
  <testcase name="MobilePage" time="0.001" classname="Test.Day3"/>
  <testcase name="WebPage" time="0.001" classname="Test.Day3"/>
  <testcase name="Birthday" time="0.0" classname="Test.Day4"/>
  <testcase name="MobileTest" time="0.0" classname="Test.Day4"/>
  <testcase name="WebTest" time="0.001" classname="Test.Day4"/>
</testsuite> <!-- Information -->
