<?xml version="1.0" encoding="UTF-8"?>
<!-- Generated by org.testng.reporters.JUnitXMLReporter -->
<testsuite hostname="TDG-MBL-GDL623" ignored="5" name="Page Information" tests="2" failures="0" timestamp="12 Mar 2019 16:15:29 GMT" time="0.004" errors="0">
  <testcase name="APIPage" time="0.001" classname="Test.Day3"/>
  <testcase name="WebPage" time="0.001" classname="Test.Day3"/>
  <testcase name="MobilePage" time="0.0" classname="Test.Day3">
    <ignored/>
  </testcase> <!-- MobilePage -->
  <testcase name="MobileSignOff" time="0.0" classname="Test.Day3">
    <ignored/>
  </testcase> <!-- MobileSignOff -->
  <testcase name="MobileReports" time="0.0" classname="Test.Day3">
    <ignored/>
  </testcase> <!-- MobileReports -->
  <testcase name="MobileVerification" time="0.0" classname="Test.Day3">
    <ignored/>
  </testcase> <!-- MobileVerification -->
  <testcase name="MobileSignIn" time="0.0" classname="Test.Day3">
    <ignored/>
  </testcase> <!-- MobileSignIn -->
</testsuite> <!-- Page Information -->
