<?xml version="1.0" encoding="UTF-8"?>
<!-- Generated by org.testng.reporters.JUnitXMLReporter -->
<testsuite hostname="TDG-MBL-GDL623" ignored="0" name="Personal Information" tests="4" failures="0" timestamp="12 Mar 2019 16:15:29 GMT" time="0.03" errors="0">
  <testcase name="Age" time="0.005" classname="Test.Day1"/>
  <testcase name="Birthday" time="0.0" classname="Test.Day1"/>
  <testcase name="LastName" time="0.0" classname="Test.Day1"/>
  <testcase name="Name" time="0.0" classname="Test.Day1"/>
</testsuite> <!-- Personal Information -->
