<?xml version="1.0" encoding="UTF-8"?>
<!-- Generated by org.testng.reporters.JUnitXMLReporter -->
<testsuite hostname="TDG-MBL-GDL623" ignored="0" name="Personal Information" tests="4" failures="0" timestamp="11 Mar 2019 22:56:54 GMT" time="0.028" errors="0">
  <testcase name="Age" time="0.0" classname="Test.Day1"/>
  <testcase name="Birthday" time="0.01" classname="Test.Day1"/>
  <testcase name="LastName" time="0.0" classname="Test.Day1"/>
  <testcase name="Name" time="0.0" classname="Test.Day1"/>
</testsuite> <!-- Personal Information -->
