<?xml version="1.0" encoding="UTF-8"?>
<!-- Generated by org.testng.reporters.JUnitXMLReporter -->
<testsuite hostname="LAPTOP-M7N59OJH" ignored="0" name="Test package" tests="25" failures="1" timestamp="13 mar 2019 15:09:00 GMT" time="0.134" errors="0">
  <testcase name="Age" time="0.005" classname="Test.Day1"/>
  <testcase name="Birthday" time="0.003" classname="Test.Day1"/>
  <testcase name="LastName" time="0.002" classname="Test.Day1"/>
  <testcase name="Name" time="0.002" classname="Test.Day1"/>
  <testcase name="Car" time="0.007" classname="Test.Day2"/>
  <testcase name="Model" time="0.001" classname="Test.Day2"/>
  <testcase name="Version" time="0.001" classname="Test.Day2"/>
  <testcase name="Year" time="0.001" classname="Test.Day2"/>
  <testcase name="MobileReports" time="0.001" classname="Test.Day3"/>
  <testcase name="MobileSignIn" time="0.002" classname="Test.Day3"/>
  <testcase name="MobileVerification" time="0.001" classname="Test.Day3"/>
  <testcase name="WebPage" time="0.001" classname="Test.Day3"/>
  <testcase name="MobilePage" time="0.002" classname="Test.Day3"/>
  <testcase name="MobileSignOff" time="0.001" classname="Test.Day3"/>
  <testcase name="APIPage" time="0.001" classname="Test.Day3"/>
  <testcase name="APITest" time="0.0" classname="Test.Day4"/>
  <testcase name="MobileTest" time="0.001" classname="Test.Day4"/>
  <testcase name="WebTest" time="0.001" classname="Test.Day4"/>
  <testcase name="Message" time="0.001" classname="Test.Day5"/>
  <testcase name="Welcome" time="0.001" classname="Test.Day5"/>
  <testcase name="LogInSite" time="0.003" classname="Test.Day6"/>
  <testcase name="Data" time="0.003" classname="Test.Day7"/>
  <testcase name="Data" time="0.001" classname="Test.Day7"/>
  <testcase name="Data" time="0.002" classname="Test.Day7"/>
  <testcase name="LastExecution" time="0.004" classname="Test.Day8">
    <failure type="java.lang.AssertionError" message="expected [true] but found [false]">
      <![CDATA[java.lang.AssertionError: expected [true] but found [false]
at Test.Day8.LastExecution(Day8.java:14)
... Removed 29 stack frames]]>
    </failure>
  </testcase> <!-- LastExecution -->
</testsuite> <!-- Test package -->
