<?xml version="1.0" encoding="UTF-8"?>
<!-- Generated by org.testng.reporters.JUnitXMLReporter -->
<testsuite hostname="TDG-MBL-GDL623" ignored="0" name="Test package" tests="20" failures="0" timestamp="12 Mar 2019 16:15:38 GMT" time="0.062" errors="0">
  <testcase name="Age" time="0.0" classname="Test.Day1"/>
  <testcase name="Birthday" time="0.016" classname="Test.Day1"/>
  <testcase name="LastName" time="0.0" classname="Test.Day1"/>
  <testcase name="Name" time="0.0" classname="Test.Day1"/>
  <testcase name="Car" time="0.0" classname="Test.Day2"/>
  <testcase name="Model" time="0.0" classname="Test.Day2"/>
  <testcase name="Version" time="0.0" classname="Test.Day2"/>
  <testcase name="Year" time="0.0" classname="Test.Day2"/>
  <testcase name="APIPage" time="0.0" classname="Test.Day3"/>
  <testcase name="MobilePage" time="0.0" classname="Test.Day3"/>
  <testcase name="MobileReports" time="0.0" classname="Test.Day3"/>
  <testcase name="MobileSignIn" time="0.0" classname="Test.Day3"/>
  <testcase name="MobileSignOff" time="0.0" classname="Test.Day3"/>
  <testcase name="MobileVerification" time="0.0" classname="Test.Day3"/>
  <testcase name="WebPage" time="0.0" classname="Test.Day3"/>
  <testcase name="APITest" time="0.0" classname="Test.Day4"/>
  <testcase name="MobileTest" time="0.0" classname="Test.Day4"/>
  <testcase name="WebTest" time="0.0" classname="Test.Day4"/>
  <testcase name="Message" time="0.0" classname="Test.Day5"/>
  <testcase name="Welcome" time="0.0" classname="Test.Day5"/>
</testsuite> <!-- Test package -->
