<?xml version="1.0" encoding="UTF-8"?>
<!-- Generated by org.testng.reporters.JUnitXMLReporter -->
<testsuite hostname="TDG-MBL-GDL623" ignored="2" name="Test Information" tests="1" failures="0" timestamp="12 Mar 2019 16:15:29 GMT" time="0.003" errors="0">
  <testcase name="APITest" time="0.001" classname="Test.Day4"/>
  <testcase name="MobileTest" time="0.0" classname="Test.Day4">
    <ignored/>
  </testcase> <!-- MobileTest -->
  <testcase name="WebTest" time="0.0" classname="Test.Day4">
    <ignored/>
  </testcase> <!-- WebTest -->
</testsuite> <!-- Test Information -->
