<html>
<head>
<title>TestNG:  Test package</title>
<link href="../testng.css" rel="stylesheet" type="text/css" />
<link href="../my-testng.css" rel="stylesheet" type="text/css" />

<style type="text/css">
.log { display: none;} 
.stack-trace { display: none;} 
</style>
<script type="text/javascript">
<!--
function flip(e) {
  current = e.style.display;
  if (current == 'block') {
    e.style.display = 'none';
    return 0;
  }
  else {
    e.style.display = 'block';
    return 1;
  }
}

function toggleBox(szDivId, elem, msg1, msg2)
{
  var res = -1;  if (document.getElementById) {
    res = flip(document.getElementById(szDivId));
  }
  else if (document.all) {
    // this is the way old msie versions work
    res = flip(document.all[szDivId]);
  }
  if(elem) {
    if(res == 0) elem.innerHTML = msg1; else elem.innerHTML = msg2;
  }

}

function toggleAllBoxes() {
  if (document.getElementsByTagName) {
    d = document.getElementsByTagName('div');
    for (i = 0; i < d.length; i++) {
      if (d[i].className == 'log') {
        flip(d[i]);
      }
    }
  }
}

// -->
</script>

</head>
<body>
<h2 align='center'>Test package</h2><table border='1' align="center">
<tr>
<td>Tests passed/Failed/Skipped:</td><td>24/1/0</td>
</tr><tr>
<td>Started on:</td><td>Tue Mar 12 22:53:58 CST 2019</td>
</tr>
<tr><td>Total time:</td><td>0 seconds (164 ms)</td>
</tr><tr>
<td>Included groups:</td><td></td>
</tr><tr>
<td>Excluded groups:</td><td></td>
</tr>
</table><p/>
<small><i>(Hover the method name to see the test class name)</i></small><p/>
<table width='100%' border='1' class='invocation-failed'>
<tr><td colspan='4' align='center'><b>FAILED TESTS</b></td></tr>
<tr><td><b>Test method</b></td>
<td width="30%"><b>Exception</b></td>
<td width="10%"><b>Time (seconds)</b></td>
<td><b>Instance</b></td>
</tr>
<tr>
<td title='Test.Day8.LastExecution()'><b>LastExecution</b><br>Test class: Test.Day8</td>
<td><div><pre>java.lang.AssertionError: expected [true] but found [false]
	at Test.Day8.LastExecution(Day8.java:14)
... Removed 29 stack frames</pre></div><a href='#' onClick='toggleBox("stack-trace674483268", this, "Click to show all stack frames", "Click to hide stack frames")'>Click to show all stack frames</a>
<div class='stack-trace' id='stack-trace674483268'><pre>java.lang.AssertionError: expected [true] but found [false]
	at org.testng.Assert.fail(Assert.java:96)
	at org.testng.Assert.failNotEquals(Assert.java:776)
	at org.testng.Assert.assertTrue(Assert.java:44)
	at org.testng.Assert.assertTrue(Assert.java:54)
	at Test.Day8.LastExecution(Day8.java:14)
	at sun.reflect.NativeMethodAccessorImpl.invoke0(Native Method)
	at sun.reflect.NativeMethodAccessorImpl.invoke(Unknown Source)
	at sun.reflect.DelegatingMethodAccessorImpl.invoke(Unknown Source)
	at java.lang.reflect.Method.invoke(Unknown Source)
	at org.testng.internal.MethodInvocationHelper.invokeMethod(MethodInvocationHelper.java:124)
	at org.testng.internal.Invoker.invokeMethod(Invoker.java:583)
	at org.testng.internal.Invoker.invokeTestMethod(Invoker.java:719)
	at org.testng.internal.Invoker.invokeTestMethods(Invoker.java:989)
	at org.testng.internal.TestMethodWorker.invokeTestMethods(TestMethodWorker.java:125)
	at org.testng.internal.TestMethodWorker.run(TestMethodWorker.java:109)
	at org.testng.TestRunner.privateRun(TestRunner.java:648)
	at org.testng.TestRunner.run(TestRunner.java:505)
	at org.testng.SuiteRunner.runTest(SuiteRunner.java:455)
	at org.testng.SuiteRunner.runSequentially(SuiteRunner.java:450)
	at org.testng.SuiteRunner.privateRun(SuiteRunner.java:415)
	at org.testng.SuiteRunner.run(SuiteRunner.java:364)
	at org.testng.SuiteRunnerWorker.runSuite(SuiteRunnerWorker.java:52)
	at org.testng.SuiteRunnerWorker.run(SuiteRunnerWorker.java:84)
	at org.testng.TestNG.runSuitesSequentially(TestNG.java:1208)
	at org.testng.TestNG.runSuitesLocally(TestNG.java:1137)
	at org.testng.TestNG.runSuites(TestNG.java:1049)
	at org.testng.TestNG.run(TestNG.java:1017)
	at org.testng.remote.AbstractRemoteTestNG.run(AbstractRemoteTestNG.java:114)
	at org.testng.remote.RemoteTestNG.initAndRun(RemoteTestNG.java:251)
	at org.testng.remote.RemoteTestNG.main(RemoteTestNG.java:77)
</pre></div></td>
<td>0</td>
<td>Test.Day8@475530b9</td></tr>
</table><p>
<table width='100%' border='1' class='invocation-passed'>
<tr><td colspan='4' align='center'><b>PASSED TESTS</b></td></tr>
<tr><td><b>Test method</b></td>
<td width="30%"><b>Exception</b></td>
<td width="10%"><b>Time (seconds)</b></td>
<td><b>Instance</b></td>
</tr>
<tr>
<td title='Test.Day3.APIPage()'><b>APIPage</b><br>Test class: Test.Day3</td>
<td></td>
<td>0</td>
<td>Test.Day3@cc285f4</td></tr>
<tr>
<td title='Test.Day4.APITest()'><b>APITest</b><br>Test class: Test.Day4</td>
<td></td>
<td>0</td>
<td>Test.Day4@cb5822</td></tr>
<tr>
<td title='Test.Day1.Age()'><b>Age</b><br>Test class: Test.Day1</td>
<td></td>
<td>0</td>
<td>Test.Day1@8bd1b6a</td></tr>
<tr>
<td title='Test.Day1.Birthday()'><b>Birthday</b><br>Test class: Test.Day1</td>
<td></td>
<td>0</td>
<td>Test.Day1@8bd1b6a</td></tr>
<tr>
<td title='Test.Day2.Car()'><b>Car</b><br>Test class: Test.Day2</td>
<td></td>
<td>0</td>
<td>Test.Day2@18be83e4</td></tr>
<tr>
<td title='Test.Day7.Data()'><b>Data</b><br>Test class: Test.Day7<br>Parameters: firstusername, password</td>
<td></td>
<td>0</td>
<td>Test.Day7@2b98378d</td></tr>
<tr>
<td title='Test.Day7.Data()'><b>Data</b><br>Test class: Test.Day7<br>Parameters: seconduser, secondpassword</td>
<td></td>
<td>0</td>
<td>Test.Day7@2b98378d</td></tr>
<tr>
<td title='Test.Day7.Data()'><b>Data</b><br>Test class: Test.Day7<br>Parameters: thirdusername, thirdpassword</td>
<td></td>
<td>0</td>
<td>Test.Day7@2b98378d</td></tr>
<tr>
<td title='Test.Day1.LastName()'><b>LastName</b><br>Test class: Test.Day1</td>
<td></td>
<td>0</td>
<td>Test.Day1@8bd1b6a</td></tr>
<tr>
<td title='Test.Day6.LogInSite()'><b>LogInSite</b><br>Test class: Test.Day6<br>Parameters: qaclickacademy.com, Omar, 123456, goahead, Hi, hellow</td>
<td></td>
<td>0</td>
<td>Test.Day6@4b9e13df</td></tr>
<tr>
<td title='Test.Day5.Message()'><b>Message</b><br>Test class: Test.Day5</td>
<td></td>
<td>0</td>
<td>Test.Day5@55f3ddb1</td></tr>
<tr>
<td title='Test.Day3.MobilePage()'><b>MobilePage</b><br>Test class: Test.Day3</td>
<td></td>
<td>0</td>
<td>Test.Day3@cc285f4</td></tr>
<tr>
<td title='Test.Day3.MobileReports()'><b>MobileReports</b><br>Test class: Test.Day3</td>
<td></td>
<td>0</td>
<td>Test.Day3@cc285f4</td></tr>
<tr>
<td title='Test.Day3.MobileSignIn()'><b>MobileSignIn</b><br>Test class: Test.Day3</td>
<td></td>
<td>0</td>
<td>Test.Day3@cc285f4</td></tr>
<tr>
<td title='Test.Day3.MobileSignOff()'><b>MobileSignOff</b><br>Test class: Test.Day3</td>
<td></td>
<td>0</td>
<td>Test.Day3@cc285f4</td></tr>
<tr>
<td title='Test.Day4.MobileTest()'><b>MobileTest</b><br>Test class: Test.Day4</td>
<td></td>
<td>0</td>
<td>Test.Day4@cb5822</td></tr>
<tr>
<td title='Test.Day3.MobileVerification()'><b>MobileVerification</b><br>Test class: Test.Day3</td>
<td></td>
<td>0</td>
<td>Test.Day3@cc285f4</td></tr>
<tr>
<td title='Test.Day2.Model()'><b>Model</b><br>Test class: Test.Day2</td>
<td></td>
<td>0</td>
<td>Test.Day2@18be83e4</td></tr>
<tr>
<td title='Test.Day1.Name()'><b>Name</b><br>Test class: Test.Day1</td>
<td></td>
<td>0</td>
<td>Test.Day1@8bd1b6a</td></tr>
<tr>
<td title='Test.Day2.Version()'><b>Version</b><br>Test class: Test.Day2</td>
<td></td>
<td>0</td>
<td>Test.Day2@18be83e4</td></tr>
<tr>
<td title='Test.Day3.WebPage()'><b>WebPage</b><br>Test class: Test.Day3</td>
<td></td>
<td>0</td>
<td>Test.Day3@cc285f4</td></tr>
<tr>
<td title='Test.Day4.WebTest()'><b>WebTest</b><br>Test class: Test.Day4</td>
<td></td>
<td>0</td>
<td>Test.Day4@cb5822</td></tr>
<tr>
<td title='Test.Day5.Welcome()'><b>Welcome</b><br>Test class: Test.Day5</td>
<td></td>
<td>0</td>
<td>Test.Day5@55f3ddb1</td></tr>
<tr>
<td title='Test.Day2.Year()'><b>Year</b><br>Test class: Test.Day2</td>
<td></td>
<td>0</td>
<td>Test.Day2@18be83e4</td></tr>
</table><p>
</body>
</html>