<?xml version="1.0" encoding="UTF-8"?>
<!-- Generated by org.testng.reporters.JUnitXMLReporter -->
<testsuite hostname="TDG-MBL-GDL623" ignored="17" name="Smoke" tests="3" failures="0" timestamp="12 Mar 2019 16:01:14 GMT" time="0.05" errors="0">
  <testcase name="MobileReports" time="0.016" classname="Test.Day3"/>
  <testcase name="WebTest" time="0.0" classname="Test.Day4"/>
  <testcase name="Welcome" time="0.0" classname="Test.Day5"/>
  <testcase name="WebPage" time="0.0" classname="Test.Day3">
    <ignored/>
  </testcase> <!-- WebPage -->
  <testcase name="Message" time="0.0" classname="Test.Day5">
    <ignored/>
  </testcase> <!-- Message -->
  <testcase name="Birthday" time="0.0" classname="Test.Day1">
    <ignored/>
  </testcase> <!-- Birthday -->
  <testcase name="APIPage" time="0.0" classname="Test.Day3">
    <ignored/>
  </testcase> <!-- APIPage -->
  <testcase name="Year" time="0.0" classname="Test.Day2">
    <ignored/>
  </testcase> <!-- Year -->
  <testcase name="MobileVerification" time="0.0" classname="Test.Day3">
    <ignored/>
  </testcase> <!-- MobileVerification -->
  <testcase name="Name" time="0.0" classname="Test.Day1">
    <ignored/>
  </testcase> <!-- Name -->
  <testcase name="APITest" time="0.0" classname="Test.Day4">
    <ignored/>
  </testcase> <!-- APITest -->
  <testcase name="Version" time="0.0" classname="Test.Day2">
    <ignored/>
  </testcase> <!-- Version -->
  <testcase name="Car" time="0.0" classname="Test.Day2">
    <ignored/>
  </testcase> <!-- Car -->
  <testcase name="MobilePage" time="0.0" classname="Test.Day3">
    <ignored/>
  </testcase> <!-- MobilePage -->
  <testcase name="MobileTest" time="0.0" classname="Test.Day4">
    <ignored/>
  </testcase> <!-- MobileTest -->
  <testcase name="MobileSignOff" time="0.0" classname="Test.Day3">
    <ignored/>
  </testcase> <!-- MobileSignOff -->
  <testcase name="LastName" time="0.0" classname="Test.Day1">
    <ignored/>
  </testcase> <!-- LastName -->
  <testcase name="Age" time="0.0" classname="Test.Day1">
    <ignored/>
  </testcase> <!-- Age -->
  <testcase name="Model" time="0.0" classname="Test.Day2">
    <ignored/>
  </testcase> <!-- Model -->
  <testcase name="MobileSignIn" time="0.0" classname="Test.Day3">
    <ignored/>
  </testcase> <!-- MobileSignIn -->
</testsuite> <!-- Smoke -->
