<?xml version="1.0" encoding="UTF-8"?>
<testng-results skipped="0" failed="0" ignored="0" total="3" passed="3">
  <reporter-output>
  </reporter-output>
  <suite name="Default suite" duration-ms="40" started-at="2019-03-12T22:37:50Z" finished-at="2019-03-12T22:37:50Z">
    <groups>
    </groups>
    <test name="Default test" duration-ms="40" started-at="2019-03-12T22:37:50Z" finished-at="2019-03-12T22:37:50Z">
      <class name="Test.Day7">
        <test-method status="PASS" signature="Data(java.lang.String, java.lang.String)[pri:0, instance:Test.Day7@6d8a00e3]" name="Data" duration-ms="10" started-at="2019-03-12T22:37:50Z" data-provider="GetData" finished-at="2019-03-12T22:37:50Z">
          <params>
            <param index="0">
              <value>
                <![CDATA[firstusername]]>
              </value>
            </param>
            <param index="1">
              <value>
                <![CDATA[password]]>
              </value>
            </param>
          </params>
          <reporter-output>
          </reporter-output>
        </test-method> <!-- Data -->
        <test-method status="PASS" signature="Data(java.lang.String, java.lang.String)[pri:0, instance:Test.Day7@6d8a00e3]" name="Data" duration-ms="0" started-at="2019-03-12T22:37:50Z" data-provider="GetData" finished-at="2019-03-12T22:37:50Z">
          <params>
            <param index="0">
              <value>
                <![CDATA[seconduser]]>
              </value>
            </param>
            <param index="1">
              <value>
                <![CDATA[secondpassword]]>
              </value>
            </param>
          </params>
          <reporter-output>
          </reporter-output>
        </test-method> <!-- Data -->
        <test-method status="PASS" signature="Data(java.lang.String, java.lang.String)[pri:0, instance:Test.Day7@6d8a00e3]" name="Data" duration-ms="0" started-at="2019-03-12T22:37:50Z" data-provider="GetData" finished-at="2019-03-12T22:37:50Z">
          <params>
            <param index="0">
              <value>
                <![CDATA[thirdusername]]>
              </value>
            </param>
            <param index="1">
              <value>
                <![CDATA[thirdpassword]]>
              </value>
            </param>
          </params>
          <reporter-output>
          </reporter-output>
        </test-method> <!-- Data -->
      </class> <!-- Test.Day7 -->
    </test> <!-- Default test -->
  </suite> <!-- Default suite -->
</testng-results>
